<?xml version="1.0" encoding="UTF-8"?>
<!-- Generated by org.testng.reporters.JUnitReportReporter -->
<testsuite skipped="0" hostname="LAPTOP-BUM46IKV" name="com.tokopedia.runner.RunnerFile" tests="1" failures="1" timestamp="2022-08-25T02:07:42 ICT" time="16.842" errors="0">
  <testcase name="runScenario" time="16.842" classname="com.tokopedia.runner.RunnerFile">
    <failure type="java.lang.AssertionError" message="expected [60] but found [80]">
      <![CDATA[java.lang.AssertionError: expected [60] but found [80]
at org.testng.Assert.fail(Assert.java:97)
at org.testng.Assert.assertEqualsImpl(Assert.java:136)
at org.testng.Assert.assertEquals(Assert.java:118)
at org.testng.Assert.assertEquals(Assert.java:563)
at com.tokopedia.search.SearchTokped.validate_total_product_displayed(SearchTokped.java:59)
at âœ½.Validate total product displayed(file:///C:/Users/Ben/eclipse-workspace/TokopediaTest/src/test/resources/features/SearchTokped.feature:8)
]]>
    </failure>
  </testcase> <!-- runScenario -->
  <system-out/>
</testsuite> <!-- com.tokopedia.runner.RunnerFile -->
